This is pdfTeX, Version 3.14159265-2.6-1.40.20 (TeX Live 2019/Debian) (preloaded format=pdflatex 2021.9.17)  4 FEB 2023 18:18
entering extended mode
 restricted \write18 enabled.
 %&-line parsing enabled.
**wire
(./wire
LaTeX2e <2020-02-02> patch level 2
L3 programming layer <2020-02-14>)
*X

! LaTeX Error: Missing \begin{document}.

See the LaTeX manual or LaTeX Companion for explanation.
Type  H <return>  for immediate help.
 ...                                              
                                                  
<*> X
     
? 
! Interruption.
\GenericError  ...                                
                                                  \endgroup 
<*> X
     
? X
 
Here is how much of TeX's memory you used:
 16 strings out of 481239
 369 string characters out of 5920377
 236564 words of memory out of 5000000
 15384 multiletter control sequences out of 15000+600000
 532338 words of font info for 24 fonts, out of 8000000 for 9000
 1141 hyphenation exceptions out of 8191
 12i,0n,15p,36b,14s stack positions out of 5000i,500n,10000p,200000b,80000s
No pages of output.
PDF statistics:
 0 PDF objects out of 1000 (max. 8388607)
 0 named destinations out of 1000 (max. 500000)
 1 words of extra memory for PDF output out of 10000 (max. 10000000)

